# JRE version: OpenJDK Runtime Environment (8.0_112-b06) (build 1.8.0_112-release-b06)
# Java VM: OpenJDK 64-Bit Server VM (25.112-b06 mixed mode windows-amd64 compressed oops)
Heap:
 PSYoungGen      total 404992K, used 315763K [0x00000000e0000000, 0x00000000fe980000, 0x0000000100000000)
  eden space 334848K, 88% used [0x00000000e0000000,0x00000000f21f4608,0x00000000f4700000)
  from space 70144K, 26% used [0x00000000f4700000,0x00000000f59686c0,0x00000000f8b80000)
  to   space 65536K, 0% used [0x00000000fa980000,0x00000000fa980000,0x00000000fe980000)
 ParOldGen       total 208384K, used 91355K [0x00000000a0000000, 0x00000000acb80000, 0x00000000e0000000)
  object space 208384K, 43% used [0x00000000a0000000,0x00000000a5936c18,0x00000000acb80000)
 Metaspace       used 80346K, capacity 86754K, committed 86912K, reserved 1124352K
  class space    used 10115K, capacity 11073K, committed 11136K, reserved 1048576K
GC Heap History (10 events):
Event: 3784.127 GC heap before
{Heap before GC invocations=39 (full 4):
 PSYoungGen      total 455168K, used 415924K [0x00000000e0000000, 0x0000000100000000, 0x0000000100000000)
  eden space 385024K, 100% used [0x00000000e0000000,0x00000000f7800000,0x00000000f7800000)
  from space 70144K, 44% used [0x00000000fbb80000,0x00000000fd9ad0f8,0x0000000100000000)
  to   space 69120K, 0% used [0x00000000f7800000,0x00000000f7800000,0x00000000fbb80000)
 ParOldGen       total 208384K, used 91051K [0x00000000a0000000, 0x00000000acb80000, 0x00000000e0000000)
  object space 208384K, 43% used [0x00000000a0000000,0x00000000a58eac08,0x00000000acb80000)
 Metaspace       used 78764K, capacity 83580K, committed 83712K, reserved 1122304K
  class space    used 9887K, capacity 10706K, committed 10752K, reserved 1048576K
Event: 3784.133 GC heap after
Heap after GC invocations=39 (full 4):
 PSYoungGen      total 372736K, used 2477K [0x00000000e0000000, 0x00000000fed80000, 0x0000000100000000)
  eden space 370176K, 0% used [0x00000000e0000000,0x00000000e0000000,0x00000000f6980000)
  from space 2560K, 96% used [0x00000000f7800000,0x00000000f7a6b7e0,0x00000000f7a80000)
  to   space 67584K, 0% used [0x00000000fab80000,0x00000000fab80000,0x00000000fed80000)
 ParOldGen       total 208384K, used 91059K [0x00000000a0000000, 0x00000000acb80000, 0x00000000e0000000)
  object space 208384K, 43% used [0x00000000a0000000,0x00000000a58ecc08,0x00000000acb80000)
 Metaspace       used 78764K, capacity 83580K, committed 83712K, reserved 1122304K
  class space    used 9887K, capacity 10706K, committed 10752K, reserved 1048576K
}
Event: 4109.951 GC heap before
{Heap before GC invocations=40 (full 4):
 PSYoungGen      total 372736K, used 372653K [0x00000000e0000000, 0x00000000fed80000, 0x0000000100000000)
  eden space 370176K, 100% used [0x00000000e0000000,0x00000000f6980000,0x00000000f6980000)
  from space 2560K, 96% used [0x00000000f7800000,0x00000000f7a6b7e0,0x00000000f7a80000)
  to   space 67584K, 0% used [0x00000000fab80000,0x00000000fab80000,0x00000000fed80000)
 ParOldGen       total 208384K, used 91059K [0x00000000a0000000, 0x00000000acb80000, 0x00000000e0000000)
  object space 208384K, 43% used [0x00000000a0000000,0x00000000a58ecc08,0x00000000acb80000)
 Metaspace       used 78943K, capacity 83896K, committed 83968K, reserved 1122304K
  class space    used 9908K, capacity 10732K, committed 10752K, reserved 1048576K
Event: 4109.957 GC heap after
Heap after GC invocations=40 (full 4):
 PSYoungGen      total 406016K, used 4121K [0x00000000e0000000, 0x00000000fdc80000, 0x0000000100000000)
  eden space 355840K, 0% used [0x00000000e0000000,0x00000000e0000000,0x00000000f5b80000)
  from space 50176K, 8% used [0x00000000fab80000,0x00000000faf86778,0x00000000fdc80000)
  to   space 66048K, 0% used [0x00000000f5b80000,0x00000000f5b80000,0x00000000f9c00000)
 ParOldGen       total 208384K, used 91067K [0x00000000a0000000, 0x00000000acb80000, 0x00000000e0000000)
  object space 208384K, 43% used [0x00000000a0000000,0x00000000a58eec08,0x00000000acb80000)
 Metaspace       used 78943K, capacity 83896K, committed 83968K, reserved 1122304K
  class space    used 9908K, capacity 10732K, committed 10752K, reserved 1048576K
}
Event: 4170.966 GC heap before
{Heap before GC invocations=41 (full 4):
 PSYoungGen      total 406016K, used 359961K [0x00000000e0000000, 0x00000000fdc80000, 0x0000000100000000)
  eden space 355840K, 100% used [0x00000000e0000000,0x00000000f5b80000,0x00000000f5b80000)
  from space 50176K, 8% used [0x00000000fab80000,0x00000000faf86778,0x00000000fdc80000)
  to   space 66048K, 0% used [0x00000000f5b80000,0x00000000f5b80000,0x00000000f9c00000)
 ParOldGen       total 208384K, used 91067K [0x00000000a0000000, 0x00000000acb80000, 0x00000000e0000000)
  object space 208384K, 43% used [0x00000000a0000000,0x00000000a58eec08,0x00000000acb80000)
 Metaspace       used 79887K, capacity 85868K, committed 86144K, reserved 1124352K
  class space    used 10073K, capacity 11024K, committed 11136K, reserved 1048576K
Event: 4170.976 GC heap after
Heap after GC invocations=41 (full 4):
 PSYoungGen      total 354304K, used 11393K [0x00000000e0000000, 0x00000000fc880000, 0x0000000100000000)
  eden space 342528K, 0% used [0x00000000e0000000,0x00000000e0000000,0x00000000f4e80000)
  from space 11776K, 96% used [0x00000000f5b80000,0x00000000f66a04a8,0x00000000f6700000)
  to   space 62464K, 0% used [0x00000000f8b80000,0x00000000f8b80000,0x00000000fc880000)
 ParOldGen       total 208384K, used 91075K [0x00000000a0000000, 0x00000000acb80000, 0x00000000e0000000)
  object space 208384K, 43% used [0x00000000a0000000,0x00000000a58f0c08,0x00000000acb80000)
 Metaspace       used 79887K, capacity 85868K, committed 86144K, reserved 1124352K
  class space    used 10073K, capacity 11024K, committed 11136K, reserved 1048576K
}
Event: 4171.858 GC heap before
{Heap before GC invocations=42 (full 4):
 PSYoungGen      total 354304K, used 353921K [0x00000000e0000000, 0x00000000fc880000, 0x0000000100000000)
  eden space 342528K, 100% used [0x00000000e0000000,0x00000000f4e80000,0x00000000f4e80000)
  from space 11776K, 96% used [0x00000000f5b80000,0x00000000f66a04a8,0x00000000f6700000)
  to   space 62464K, 0% used [0x00000000f8b80000,0x00000000f8b80000,0x00000000fc880000)
 ParOldGen       total 208384K, used 91075K [0x00000000a0000000, 0x00000000acb80000, 0x00000000e0000000)
  object space 208384K, 43% used [0x00000000a0000000,0x00000000a58f0c08,0x00000000acb80000)
 Metaspace       used 79951K, capacity 85932K, committed 86144K, reserved 1124352K
  class space    used 10074K, capacity 11024K, committed 11136K, reserved 1048576K
Event: 4171.883 GC heap after
Heap after GC invocations=42 (full 4):
 PSYoungGen      total 397312K, used 50494K [0x00000000e0000000, 0x0000000100000000, 0x0000000100000000)
  eden space 334848K, 0% used [0x00000000e0000000,0x00000000e0000000,0x00000000f4700000)
  from space 62464K, 80% used [0x00000000f8b80000,0x00000000fbccfa28,0x00000000fc880000)
  to   space 70144K, 0% used [0x00000000f4700000,0x00000000f4700000,0x00000000f8b80000)
 ParOldGen       total 208384K, used 91075K [0x00000000a0000000, 0x00000000acb80000, 0x00000000e0000000)
  object space 208384K, 43% used [0x00000000a0000000,0x00000000a58f0c08,0x00000000acb80000)
 Metaspace       used 79951K, capacity 85932K, committed 86144K, reserved 1124352K
  class space    used 10074K, capacity 11024K, committed 11136K, reserved 1048576K
}
Event: 4421.938 GC heap before
{Heap before GC invocations=43 (full 4):
 PSYoungGen      total 397312K, used 384358K [0x00000000e0000000, 0x0000000100000000, 0x0000000100000000)
  eden space 334848K, 99% used [0x00000000e0000000,0x00000000f460a1a0,0x00000000f4700000)
  from space 62464K, 80% used [0x00000000f8b80000,0x00000000fbccfa28,0x00000000fc880000)
  to   space 70144K, 0% used [0x00000000f4700000,0x00000000f4700000,0x00000000f8b80000)
 ParOldGen       total 208384K, used 91075K [0x00000000a0000000, 0x00000000acb80000, 0x00000000e0000000)
  object space 208384K, 43% used [0x00000000a0000000,0x00000000a58f0c08,0x00000000acb80000)
 Metaspace       used 80145K, capacity 86394K, committed 86656K, reserved 1124352K
  class space    used 10097K, capacity 11053K, committed 11136K, reserved 1048576K
Event: 4421.952 GC heap after
Heap after GC invocations=43 (full 4):
 PSYoungGen      total 404992K, used 18849K [0x00000000e0000000, 0x00000000fe980000, 0x0000000100000000)
  eden space 334848K, 0% used [0x00000000e0000000,0x00000000e0000000,0x00000000f4700000)
  from space 70144K, 26% used [0x00000000f4700000,0x00000000f59686c0,0x00000000f8b80000)
  to   space 65536K, 0% used [0x00000000fa980000,0x00000000fa980000,0x00000000fe980000)
 ParOldGen       total 208384K, used 91355K [0x00000000a0000000, 0x00000000acb80000, 0x00000000e0000000)
  object space 208384K, 43% used [0x00000000a0000000,0x00000000a5936c18,0x00000000acb80000)
 Metaspace       used 80145K, capacity 86394K, committed 86656K, reserved 1124352K
  class space    used 10097K, capacity 11053K, committed 11136K, reserved 1048576K
}

